[2019-11-12 12:54:38] Initializing...
FISCO-BCOS Version : 2.0.0
Build Time         : 20190705 13:17:29
Build Type         : Linux/clang/Release
Git Branch         : HEAD
Git Commit Hash    : d8605a73e30148cfb9b63807fb85fa211d365014
[2019-11-12 12:54:38] The FISCO-BCOS is running...
[2019-11-12 12:58:49] FISCO-BCOS program exit normally.
[2019-11-12 12:58:56] Initializing...
FISCO-BCOS Version : 2.0.0
Build Time         : 20190705 13:17:29
Build Type         : Linux/clang/Release
Git Branch         : HEAD
Git Commit Hash    : d8605a73e30148cfb9b63807fb85fa211d365014
[2019-11-12 12:58:56] The FISCO-BCOS is running...
[2019-12-08 00:28:21] Initializing...
FISCO-BCOS Version : 2.0.0
Build Time         : 20190705 13:17:29
Build Type         : Linux/clang/Release
Git Branch         : HEAD
Git Commit Hash    : d8605a73e30148cfb9b63807fb85fa211d365014
[2019-12-08 00:28:23] The FISCO-BCOS is running...
[2019-12-09 20:21:21] Initializing...
FISCO-BCOS Version : 2.0.0
Build Time         : 20190705 13:17:29
Build Type         : Linux/clang/Release
Git Branch         : HEAD
Git Commit Hash    : d8605a73e30148cfb9b63807fb85fa211d365014
[2019-12-09 20:21:22] The FISCO-BCOS is running...
[2019-12-10 13:44:54] Initializing...
FISCO-BCOS Version : 2.0.0
Build Time         : 20190705 13:17:29
Build Type         : Linux/clang/Release
Git Branch         : HEAD
Git Commit Hash    : d8605a73e30148cfb9b63807fb85fa211d365014
[2019-12-10 13:44:55] The FISCO-BCOS is running...
[2019-12-10 13:46:22] FISCO-BCOS program exit normally.
[2019-12-10 13:53:05] Initializing...
FISCO-BCOS Version : 2.0.0
Build Time         : 20190705 13:17:29
Build Type         : Linux/clang/Release
Git Branch         : HEAD
Git Commit Hash    : d8605a73e30148cfb9b63807fb85fa211d365014
[2019-12-10 13:53:05] The FISCO-BCOS is running...
[2019-12-10 14:04:27] Initializing...
FISCO-BCOS Version : 2.0.0
Build Time         : 20190705 13:17:29
Build Type         : Linux/clang/Release
Git Branch         : HEAD
Git Commit Hash    : d8605a73e30148cfb9b63807fb85fa211d365014
[2019-12-10 14:04:28] The FISCO-BCOS is running...
[2019-12-10 20:41:59] Initializing...
FISCO-BCOS Version : 2.0.0
Build Time         : 20190705 13:17:29
Build Type         : Linux/clang/Release
Git Branch         : HEAD
Git Commit Hash    : d8605a73e30148cfb9b63807fb85fa211d365014
[2019-12-10 20:42:00] The FISCO-BCOS is running...
[2019-12-11 15:04:42] Initializing...
FISCO-BCOS Version : 2.0.0
Build Time         : 20190705 13:17:29
Build Type         : Linux/clang/Release
Git Branch         : HEAD
Git Commit Hash    : d8605a73e30148cfb9b63807fb85fa211d365014
[2019-12-11 15:04:43] The FISCO-BCOS is running...
